<?xml version="1.0" encoding="UTF-8"?>
<!-- Generated by org.testng.reporters.JUnitReportReporter -->
<testsuite hostname="DESKTOP-BTQ2T4D" failures="0" tests="2" name="testNG_parallelTests.ParallelTest1" time="40.155" errors="0" timestamp="2023-01-22T10:59:38 IST" skipped="0">
  <testcase classname="testNG_parallelTests.ParallelTest1" name="logoTest" time="23.541"/>
  <system-out/>
  <testcase classname="testNG_parallelTests.ParallelTest1" name="verifyTitle" time="16.614"/>
  <system-out/>
</testsuite> <!-- testNG_parallelTests.ParallelTest1 -->
