<?xml version="1.0" encoding="UTF-8"?>
<!-- Generated by org.testng.reporters.JUnitReportReporter -->
<testsuite hostname="DESKTOP-BTQ2T4D" failures="0" tests="1" name="testNG_parallelTests.ParallelTest2" time="24.633" errors="0" timestamp="2023-01-22T10:59:38 IST" skipped="0">
  <testcase classname="testNG_parallelTests.ParallelTest2" name="loginTest" time="24.633"/>
  <system-out/>
</testsuite> <!-- testNG_parallelTests.ParallelTest2 -->
